# JRE version: Java(TM) SE Runtime Environment (8.0_73-b02) (build 1.8.0_73-b02)
# Java VM: Java HotSpot(TM) 64-Bit Server VM (25.73-b02 mixed mode bsd-amd64 compressed oops)
Heap:
 PSYoungGen      total 172032K, used 12768K [0x00000007aab00000, 0x00000007ba180000, 0x00000007c0000000)
  eden space 159232K, 0% used [0x00000007aab00000,0x00000007aab00000,0x00000007b4680000)
  from space 12800K, 99% used [0x00000007b4680000,0x00000007b52f8010,0x00000007b5300000)
  to   space 19968K, 0% used [0x00000007b8e00000,0x00000007b8e00000,0x00000007ba180000)
 ParOldGen       total 49152K, used 38772K [0x0000000780000000, 0x0000000783000000, 0x00000007aab00000)
  object space 49152K, 78% used [0x0000000780000000,0x00000007825dd1c8,0x0000000783000000)
 Metaspace       used 54151K, capacity 55740K, committed 56064K, reserved 1097728K
  class space    used 7438K, capacity 7885K, committed 7936K, reserved 1048576K
GC Heap History (10 events):
Event: 13.074 GC heap after
Heap after GC invocations=13 (full 1):
 PSYoungGen      total 129536K, used 1285K [0x00000007aab00000, 0x00000007b3700000, 0x00000007c0000000)
  eden space 120832K, 0% used [0x00000007aab00000,0x00000007aab00000,0x00000007b2100000)
  from space 8704K, 14% used [0x00000007b2a00000,0x00000007b2b416f8,0x00000007b3280000)
  to   space 9216K, 0% used [0x00000007b2100000,0x00000007b2100000,0x00000007b2a00000)
 ParOldGen       total 34816K, used 15013K [0x0000000780000000, 0x0000000782200000, 0x00000007aab00000)
  object space 34816K, 43% used [0x0000000780000000,0x0000000780ea9758,0x0000000782200000)
 Metaspace       used 34579K, capacity 35196K, committed 35456K, reserved 1079296K
  class space    used 4765K, capacity 4957K, committed 4992K, reserved 1048576K
}
Event: 13.074 GC heap before
{Heap before GC invocations=14 (full 2):
 PSYoungGen      total 129536K, used 1285K [0x00000007aab00000, 0x00000007b3700000, 0x00000007c0000000)
  eden space 120832K, 0% used [0x00000007aab00000,0x00000007aab00000,0x00000007b2100000)
  from space 8704K, 14% used [0x00000007b2a00000,0x00000007b2b416f8,0x00000007b3280000)
  to   space 9216K, 0% used [0x00000007b2100000,0x00000007b2100000,0x00000007b2a00000)
 ParOldGen       total 34816K, used 15013K [0x0000000780000000, 0x0000000782200000, 0x00000007aab00000)
  object space 34816K, 43% used [0x0000000780000000,0x0000000780ea9758,0x0000000782200000)
 Metaspace       used 34579K, capacity 35196K, committed 35456K, reserved 1079296K
  class space    used 4765K, capacity 4957K, committed 4992K, reserved 1048576K
Event: 13.220 GC heap after
Heap after GC invocations=14 (full 2):
 PSYoungGen      total 129536K, used 0K [0x00000007aab00000, 0x00000007b3700000, 0x00000007c0000000)
  eden space 120832K, 0% used [0x00000007aab00000,0x00000007aab00000,0x00000007b2100000)
  from space 8704K, 0% used [0x00000007b2a00000,0x00000007b2a00000,0x00000007b3280000)
  to   space 9216K, 0% used [0x00000007b2100000,0x00000007b2100000,0x00000007b2a00000)
 ParOldGen       total 49152K, used 14126K [0x0000000780000000, 0x0000000783000000, 0x00000007aab00000)
  object space 49152K, 28% used [0x0000000780000000,0x0000000780dcb908,0x0000000783000000)
 Metaspace       used 34579K, capacity 35196K, committed 35456K, reserved 1079296K
  class space    used 4765K, capacity 4957K, committed 4992K, reserved 1048576K
}
Event: 16.702 GC heap before
{Heap before GC invocations=15 (full 2):
 PSYoungGen      total 129536K, used 120832K [0x00000007aab00000, 0x00000007b3700000, 0x00000007c0000000)
  eden space 120832K, 100% used [0x00000007aab00000,0x00000007b2100000,0x00000007b2100000)
  from space 8704K, 0% used [0x00000007b2a00000,0x00000007b2a00000,0x00000007b3280000)
  to   space 9216K, 0% used [0x00000007b2100000,0x00000007b2100000,0x00000007b2a00000)
 ParOldGen       total 49152K, used 14126K [0x0000000780000000, 0x0000000783000000, 0x00000007aab00000)
  object space 49152K, 28% used [0x0000000780000000,0x0000000780dcb908,0x0000000783000000)
 Metaspace       used 42877K, capacity 43740K, committed 44032K, reserved 1087488K
  class space    used 5873K, capacity 6125K, committed 6144K, reserved 1048576K
Event: 16.735 GC heap after
Heap after GC invocations=15 (full 2):
 PSYoungGen      total 130048K, used 9209K [0x00000007aab00000, 0x00000007b5e00000, 0x00000007c0000000)
  eden space 120832K, 0% used [0x00000007aab00000,0x00000007aab00000,0x00000007b2100000)
  from space 9216K, 99% used [0x00000007b2100000,0x00000007b29fe5b8,0x00000007b2a00000)
  to   space 11264K, 0% used [0x00000007b5300000,0x00000007b5300000,0x00000007b5e00000)
 ParOldGen       total 49152K, used 16996K [0x0000000780000000, 0x0000000783000000, 0x00000007aab00000)
  object space 49152K, 34% used [0x0000000780000000,0x0000000781099098,0x0000000783000000)
 Metaspace       used 42877K, capacity 43740K, committed 44032K, reserved 1087488K
  class space    used 5873K, capacity 6125K, committed 6144K, reserved 1048576K
}
Event: 19.585 GC heap before
{Heap before GC invocations=16 (full 2):
 PSYoungGen      total 130048K, used 130041K [0x00000007aab00000, 0x00000007b5e00000, 0x00000007c0000000)
  eden space 120832K, 100% used [0x00000007aab00000,0x00000007b2100000,0x00000007b2100000)
  from space 9216K, 99% used [0x00000007b2100000,0x00000007b29fe5b8,0x00000007b2a00000)
  to   space 11264K, 0% used [0x00000007b5300000,0x00000007b5300000,0x00000007b5e00000)
 ParOldGen       total 49152K, used 16996K [0x0000000780000000, 0x0000000783000000, 0x00000007aab00000)
  object space 49152K, 34% used [0x0000000780000000,0x0000000781099098,0x0000000783000000)
 Metaspace       used 46941K, capacity 48230K, committed 48256K, reserved 1091584K
  class space    used 6465K, capacity 6776K, committed 6784K, reserved 1048576K
Event: 19.631 GC heap after
Heap after GC invocations=16 (full 2):
 PSYoungGen      total 170496K, used 10444K [0x00000007aab00000, 0x00000007b6000000, 0x00000007c0000000)
  eden space 159232K, 0% used [0x00000007aab00000,0x00000007aab00000,0x00000007b4680000)
  from space 11264K, 92% used [0x00000007b5300000,0x00000007b5d333f0,0x00000007b5e00000)
  to   space 12800K, 0% used [0x00000007b4680000,0x00000007b4680000,0x00000007b5300000)
 ParOldGen       total 49152K, used 24864K [0x0000000780000000, 0x0000000783000000, 0x00000007aab00000)
  object space 49152K, 50% used [0x0000000780000000,0x00000007818480a0,0x0000000783000000)
 Metaspace       used 46941K, capacity 48230K, committed 48256K, reserved 1091584K
  class space    used 6465K, capacity 6776K, committed 6784K, reserved 1048576K
}
Event: 23.352 GC heap before
{Heap before GC invocations=17 (full 2):
 PSYoungGen      total 170496K, used 169676K [0x00000007aab00000, 0x00000007b6000000, 0x00000007c0000000)
  eden space 159232K, 100% used [0x00000007aab00000,0x00000007b4680000,0x00000007b4680000)
  from space 11264K, 92% used [0x00000007b5300000,0x00000007b5d333f0,0x00000007b5e00000)
  to   space 12800K, 0% used [0x00000007b4680000,0x00000007b4680000,0x00000007b5300000)
 ParOldGen       total 49152K, used 24864K [0x0000000780000000, 0x0000000783000000, 0x00000007aab00000)
  object space 49152K, 50% used [0x0000000780000000,0x00000007818480a0,0x0000000783000000)
 Metaspace       used 54151K, capacity 55740K, committed 56064K, reserved 1097728K
  class space    used 7438K, capacity 7885K, committed 7936K, reserved 1048576K
Event: 23.454 GC heap after
Heap after GC invocations=17 (full 2):
 PSYoungGen      total 172032K, used 12768K [0x00000007aab00000, 0x00000007ba180000, 0x00000007c0000000)
  eden space 159232K, 0% used [0x00000007aab00000,0x00000007aab00000,0x00000007b4680000)
  from space 12800K, 99% used [0x00000007b4680000,0x00000007b52f8010,0x00000007b5300000)
  to   space 19968K, 0% used [0x00000007b8e00000,0x00000007b8e00000,0x00000007ba180000)
 ParOldGen       total 49152K, used 38772K [0x0000000780000000, 0x0000000783000000, 0x00000007aab00000)
  object space 49152K, 78% used [0x0000000780000000,0x00000007825dd1c8,0x0000000783000000)
 Metaspace       used 54151K, capacity 55740K, committed 56064K, reserved 1097728K
  class space    used 7438K, capacity 7885K, committed 7936K, reserved 1048576K
}
Event: 23.454 GC heap before
{Heap before GC invocations=18 (full 3):
 PSYoungGen      total 172032K, used 12768K [0x00000007aab00000, 0x00000007ba180000, 0x00000007c0000000)
  eden space 159232K, 0% used [0x00000007aab00000,0x00000007aab00000,0x00000007b4680000)
  from space 12800K, 99% used [0x00000007b4680000,0x00000007b52f8010,0x00000007b5300000)
  to   space 19968K, 0% used [0x00000007b8e00000,0x00000007b8e00000,0x00000007ba180000)
 ParOldGen       total 49152K, used 38772K [0x0000000780000000, 0x0000000783000000, 0x00000007aab00000)
  object space 49152K, 78% used [0x0000000780000000,0x00000007825dd1c8,0x0000000783000000)
 Metaspace       used 54151K, capacity 55740K, committed 56064K, reserved 1097728K
  class space    used 7438K, capacity 7885K, committed 7936K, reserved 1048576K

