# JRE version: Java(TM) SE Runtime Environment (8.0_73-b02) (build 1.8.0_73-b02)
# Java VM: Java HotSpot(TM) 64-Bit Server VM (25.73-b02 mixed mode bsd-amd64 compressed oops)
Heap:
 PSYoungGen      total 311296K, used 202443K [0x00000007aab00000, 0x00000007bff00000, 0x00000007c0000000)
  eden space 281600K, 65% used [0x00000007aab00000,0x00000007b6058b40,0x00000007bbe00000)
  from space 29696K, 56% used [0x00000007bdb80000,0x00000007bebda2e8,0x00000007bf880000)
  to   space 30208K, 0% used [0x00000007bbe00000,0x00000007bbe00000,0x00000007bdb80000)
 ParOldGen       total 126976K, used 51741K [0x0000000780000000, 0x0000000787c00000, 0x00000007aab00000)
  object space 126976K, 40% used [0x0000000780000000,0x0000000783287718,0x0000000787c00000)
 Metaspace       used 80924K, capacity 87358K, committed 87768K, reserved 1126400K
  class space    used 10454K, capacity 11269K, committed 11480K, reserved 1048576K
GC Heap History (10 events):
Event: 4886.247 GC heap before
{Heap before GC invocations=84 (full 19):
 PSYoungGen      total 313344K, used 302153K [0x00000007aab00000, 0x00000007c0000000, 0x00000007c0000000)
  eden space 280576K, 100% used [0x00000007aab00000,0x00000007bbd00000,0x00000007bbd00000)
  from space 32768K, 65% used [0x00000007be000000,0x00000007bf5125e0,0x00000007c0000000)
  to   space 34304K, 0% used [0x00000007bbd00000,0x00000007bbd00000,0x00000007bde80000)
 ParOldGen       total 126976K, used 51961K [0x0000000780000000, 0x0000000787c00000, 0x00000007aab00000)
  object space 126976K, 40% used [0x0000000780000000,0x00000007832be428,0x0000000787c00000)
 Metaspace       used 80714K, capacity 87022K, committed 87512K, reserved 1126400K
  class space    used 10431K, capacity 11239K, committed 11480K, reserved 1048576K
Event: 4886.398 GC heap after
Heap after GC invocations=84 (full 19):
 PSYoungGen      total 314880K, used 9539K [0x00000007aab00000, 0x00000007bfe80000, 0x00000007c0000000)
  eden space 280576K, 0% used [0x00000007aab00000,0x00000007aab00000,0x00000007bbd00000)
  from space 34304K, 27% used [0x00000007bbd00000,0x00000007bc650de8,0x00000007bde80000)
  to   space 32768K, 0% used [0x00000007bde80000,0x00000007bde80000,0x00000007bfe80000)
 ParOldGen       total 126976K, used 51969K [0x0000000780000000, 0x0000000787c00000, 0x00000007aab00000)
  object space 126976K, 40% used [0x0000000780000000,0x00000007832c0428,0x0000000787c00000)
 Metaspace       used 80714K, capacity 87022K, committed 87512K, reserved 1126400K
  class space    used 10431K, capacity 11239K, committed 11480K, reserved 1048576K
}
Event: 4898.582 GC heap before
{Heap before GC invocations=85 (full 19):
 PSYoungGen      total 314880K, used 287778K [0x00000007aab00000, 0x00000007bfe80000, 0x00000007c0000000)
  eden space 280576K, 99% used [0x00000007aab00000,0x00000007bbab7a58,0x00000007bbd00000)
  from space 34304K, 27% used [0x00000007bbd00000,0x00000007bc650de8,0x00000007bde80000)
  to   space 32768K, 0% used [0x00000007bde80000,0x00000007bde80000,0x00000007bfe80000)
 ParOldGen       total 126976K, used 51969K [0x0000000780000000, 0x0000000787c00000, 0x00000007aab00000)
  object space 126976K, 40% used [0x0000000780000000,0x00000007832c0428,0x0000000787c00000)
 Metaspace       used 80755K, capacity 87030K, committed 87512K, reserved 1126400K
  class space    used 10431K, capacity 11239K, committed 11480K, reserved 1048576K
Event: 4898.629 GC heap after
Heap after GC invocations=85 (full 19):
 PSYoungGen      total 310784K, used 12419K [0x00000007aab00000, 0x00000007bfa80000, 0x00000007c0000000)
  eden space 282112K, 0% used [0x00000007aab00000,0x00000007aab00000,0x00000007bbe80000)
  from space 28672K, 43% used [0x00000007bde80000,0x00000007beaa0cc8,0x00000007bfa80000)
  to   space 30720K, 0% used [0x00000007bbe80000,0x00000007bbe80000,0x00000007bdc80000)
 ParOldGen       total 126976K, used 51977K [0x0000000780000000, 0x0000000787c00000, 0x00000007aab00000)
  object space 126976K, 40% used [0x0000000780000000,0x00000007832c2428,0x0000000787c00000)
 Metaspace       used 80755K, capacity 87030K, committed 87512K, reserved 1126400K
  class space    used 10431K, capacity 11239K, committed 11480K, reserved 1048576K
}
Event: 4899.218 GC heap before
{Heap before GC invocations=86 (full 19):
 PSYoungGen      total 310784K, used 97630K [0x00000007aab00000, 0x00000007bfa80000, 0x00000007c0000000)
  eden space 282112K, 30% used [0x00000007aab00000,0x00000007afe36db0,0x00000007bbe80000)
  from space 28672K, 43% used [0x00000007bde80000,0x00000007beaa0cc8,0x00000007bfa80000)
  to   space 30720K, 0% used [0x00000007bbe80000,0x00000007bbe80000,0x00000007bdc80000)
 ParOldGen       total 126976K, used 51977K [0x0000000780000000, 0x0000000787c00000, 0x00000007aab00000)
  object space 126976K, 40% used [0x0000000780000000,0x00000007832c2428,0x0000000787c00000)
 Metaspace       used 80761K, capacity 87030K, committed 87512K, reserved 1126400K
  class space    used 10431K, capacity 11239K, committed 11480K, reserved 1048576K
Event: 4899.228 GC heap after
Heap after GC invocations=86 (full 19):
 PSYoungGen      total 289280K, used 6851K [0x00000007aab00000, 0x00000007bf880000, 0x00000007c0000000)
  eden space 282112K, 0% used [0x00000007aab00000,0x00000007aab00000,0x00000007bbe80000)
  from space 7168K, 95% used [0x00000007bbe80000,0x00000007bc530de8,0x00000007bc580000)
  to   space 29696K, 0% used [0x00000007bdb80000,0x00000007bdb80000,0x00000007bf880000)
 ParOldGen       total 126976K, used 51977K [0x0000000780000000, 0x0000000787c00000, 0x00000007aab00000)
  object space 126976K, 40% used [0x0000000780000000,0x00000007832c2428,0x0000000787c00000)
 Metaspace       used 80761K, capacity 87030K, committed 87512K, reserved 1126400K
  class space    used 10431K, capacity 11239K, committed 11480K, reserved 1048576K
}
Event: 4899.228 GC heap before
{Heap before GC invocations=87 (full 20):
 PSYoungGen      total 289280K, used 6851K [0x00000007aab00000, 0x00000007bf880000, 0x00000007c0000000)
  eden space 282112K, 0% used [0x00000007aab00000,0x00000007aab00000,0x00000007bbe80000)
  from space 7168K, 95% used [0x00000007bbe80000,0x00000007bc530de8,0x00000007bc580000)
  to   space 29696K, 0% used [0x00000007bdb80000,0x00000007bdb80000,0x00000007bf880000)
 ParOldGen       total 126976K, used 51977K [0x0000000780000000, 0x0000000787c00000, 0x00000007aab00000)
  object space 126976K, 40% used [0x0000000780000000,0x00000007832c2428,0x0000000787c00000)
 Metaspace       used 80761K, capacity 87030K, committed 87512K, reserved 1126400K
  class space    used 10431K, capacity 11239K, committed 11480K, reserved 1048576K
Event: 4899.730 GC heap after
Heap after GC invocations=87 (full 20):
 PSYoungGen      total 289280K, used 0K [0x00000007aab00000, 0x00000007bf880000, 0x00000007c0000000)
  eden space 282112K, 0% used [0x00000007aab00000,0x00000007aab00000,0x00000007bbe80000)
  from space 7168K, 0% used [0x00000007bbe80000,0x00000007bbe80000,0x00000007bc580000)
  to   space 29696K, 0% used [0x00000007bdb80000,0x00000007bdb80000,0x00000007bf880000)
 ParOldGen       total 126976K, used 51741K [0x0000000780000000, 0x0000000787c00000, 0x00000007aab00000)
  object space 126976K, 40% used [0x0000000780000000,0x0000000783287718,0x0000000787c00000)
 Metaspace       used 80761K, capacity 87030K, committed 87512K, reserved 1126400K
  class space    used 10431K, capacity 11239K, committed 11480K, reserved 1048576K
}
Event: 5004.723 GC heap before
{Heap before GC invocations=88 (full 20):
 PSYoungGen      total 289280K, used 279501K [0x00000007aab00000, 0x00000007bf880000, 0x00000007c0000000)
  eden space 282112K, 99% used [0x00000007aab00000,0x00000007bbbf36f8,0x00000007bbe80000)
  from space 7168K, 0% used [0x00000007bbe80000,0x00000007bbe80000,0x00000007bc580000)
  to   space 29696K, 0% used [0x00000007bdb80000,0x00000007bdb80000,0x00000007bf880000)
 ParOldGen       total 126976K, used 51741K [0x0000000780000000, 0x0000000787c00000, 0x00000007aab00000)
  object space 126976K, 40% used [0x0000000780000000,0x0000000783287718,0x0000000787c00000)
 Metaspace       used 80823K, capacity 87128K, committed 87512K, reserved 1126400K
  class space    used 10439K, capacity 11248K, committed 11480K, reserved 1048576K
Event: 5004.810 GC heap after
Heap after GC invocations=88 (full 20):
 PSYoungGen      total 311296K, used 16744K [0x00000007aab00000, 0x00000007bff00000, 0x00000007c0000000)
  eden space 281600K, 0% used [0x00000007aab00000,0x00000007aab00000,0x00000007bbe00000)
  from space 29696K, 56% used [0x00000007bdb80000,0x00000007bebda2e8,0x00000007bf880000)
  to   space 30208K, 0% used [0x00000007bbe00000,0x00000007bbe00000,0x00000007bdb80000)
 ParOldGen       total 126976K, used 51741K [0x0000000780000000, 0x0000000787c00000, 0x00000007aab00000)
  object space 126976K, 40% used [0x0000000780000000,0x0000000783287718,0x0000000787c00000)
 Metaspace       used 80823K, capacity 87128K, committed 87512K, reserved 1126400K
  class space    used 10439K, capacity 11248K, committed 11480K, reserved 1048576K
}

